app.get("/health", (req, res) => {
app.get("/__routes", (req, res) => {
app.get("/debug/headers", (req, res) => {
app.get("/debug/whoami", verifyAuth, async (req, res) => {
app.get("/debug/session", (req, res) => {
app.get("/marketplace/products", async (req, res) => {
app.post("/seller/upload-image", upload.single('image'), async (req, res) => {
app.post("/auth/login", async (req, res) => {
app.post("/auth/apply-seller", async (req, res) => {
app.get("/auth/user-status/:uid", async (req, res) => {
app.post("/auth/extract-aadhar", upload.single("aadharImage"), async (req, res) => {
app.post("/seller/upload-image", upload.single("image"), async (req, res) => {
app.post("/auth/test-login", async (req, res) => {
app.get("/admin/stats", verifyAuth, verifyAdmin, async (req, res) => {
app.get("/admin/sellers", verifyAuth, verifyAdmin, async (req, res) => {
app.get("/admin/all-sellers", verifyAuth, verifyAdmin, async (req, res) => {
app.get("/admin/reviews-count", verifyAuth, verifyAdmin, async (req, res) => {
app.get("/admin/reviews", verifyAuth, verifyAdmin, async (req, res) => {
app.get("/admin/products", verifyAuth, verifyAdmin, async (req, res) => {
app.get("/admin/orders", verifyAuth, verifyAdmin, async (req, res) => {
app.post("/admin/seller/:uid/approve", verifyAuth, verifyAdmin, async (req, res) => {
app.post("/admin/seller/:uid/reject", verifyAuth, verifyAdmin, async (req, res) => {
app.post("/admin/seller/:uid/block", verifyAuth, verifyAdmin, async (req, res) => {
app.get("/seller/:uid/profile", verifyAuth, async (req, res) => {
app.get("/seller/:uid/stats", verifyAuth, async (req, res) => {
app.get("/seller/:uid/products", verifyAuth, async (req, res) => {
app.post("/seller/product/add", verifyAuth, async (req, res) => {
app.get("/seller/:uid/dashboard-data", verifyAuth, async (req, res) => {
app.get("/seller/:uid/orders", verifyAuth, async (req, res) => {
app.post("/reviews/add", async (req, res) => {
app.get("/reviews/:productId", async (req, res) => {
app.post("/admin/seed-reviews", verifyAuth, verifyAdmin, async (req, res) => {
app.get("/", (req, res) => {